<?xml version="1.0" encoding="UTF-8"?>
<!-- Generated by org.testng.reporters.JUnitReportReporter -->
<testsuite skipped="0" hostname="A2ML27068" name="com.mindtree.automation201.test.Register_test" tests="6" failures="0" timestamp="25 Oct 2018 07:27:04 GMT" time="206.727" errors="0">
  <testcase name="register" time="21.095" classname="com.mindtree.automation201.test.Register_test"/>
  <testcase name="register" time="46.003" classname="com.mindtree.automation201.test.Register_test"/>
  <testcase name="SignIn" time="25.525" classname="com.mindtree.automation201.test.Register_test"/>
  <testcase name="SignIn" time="16.634" classname="com.mindtree.automation201.test.Register_test"/>
  <testcase name="oneWayTripFlight" time="33.691" classname="com.mindtree.automation201.test.Register_test"/>
  <testcase name="twoWayTripFlight" time="63.779" classname="com.mindtree.automation201.test.Register_test"/>
</testsuite> <!-- com.mindtree.automation201.test.Register_test -->
